MIF/HEX Update report for Debug
Fri Mar 16 20:04:05 2018
Quartus Prime Version 17.1.0 Build 590 10/25/2017 SJ Lite Edition


---------------------
; Table of Contents ;
---------------------
  1. Legal Notice
  2. MIF/HEX Update Summary
  3. MIF/HEX Update Processed Files
  4. MIF/HEX Update Messages



----------------
; Legal Notice ;
----------------
Copyright (C) 2017  Intel Corporation. All rights reserved.
Your use of Intel Corporation's design tools, logic functions 
and other software and tools, and its AMPP partner logic 
functions, and any output files from any of the foregoing 
(including device programming or simulation files), and any 
associated documentation or information are expressly subject 
to the terms and conditions of the Intel Program License 
Subscription Agreement, the Intel Quartus Prime License Agreement,
the Intel FPGA IP License Agreement, or other applicable license
agreement, including, without limitation, that your use is for
the sole purpose of programming logic devices manufactured by
Intel and sold by Intel or its authorized distributors.  Please
refer to the applicable agreement for further details.



+---------------------------------------------------------------+
; MIF/HEX Update Summary                                        ;
+-----------------------+---------------------------------------+
; MIF/HEX Update Status ; Successful - Fri Mar 16 20:04:05 2018 ;
; Revision Name         ; Debug                                 ;
; Top-level Entity Name ; Project                               ;
; Family                ; Cyclone V                             ;
; Device                ; 5CEBA4F23C7                           ;
+-----------------------+---------------------------------------+


+-----------------------------------------------------------------------+
; MIF/HEX Update Processed Files                                        ;
+-----------------------------------------------------------------------+
; File Name                                                             ;
+-----------------------------------------------------------------------+
; C:/Users/alanh/Documents/Github/Project_2/Project1_restored/Clock.mif ;
+-----------------------------------------------------------------------+


+-------------------------+
; MIF/HEX Update Messages ;
+-------------------------+
Info: *******************************************************************
Info: Running Quartus Prime MIF/HEX Update
    Info: Version 17.1.0 Build 590 10/25/2017 SJ Lite Edition
    Info: Processing started: Fri Mar 16 20:03:52 2018
Info: Command: quartus_cdb Project -c Debug --update_mif
Info (39024): Processed the following Memory Initialization File(s)
    Info (39025): Processed Memory Initialization File C:/Users/alanh/Documents/Github/Project_2/Project1_restored/Clock.mif File: C:/Users/alanh/Documents/Github/Project_2/Project1_restored/Clock.mif Line: 0
Info: Quartus Prime MIF/HEX Update was successful. 0 errors, 0 warnings
    Info: Peak virtual memory: 783 megabytes
    Info: Processing ended: Fri Mar 16 20:04:05 2018
    Info: Elapsed time: 00:00:13
    Info: Total CPU time (on all processors): 00:00:12


