Assembler report for Project_2
Sun Mar 11 19:47:56 2018
Quartus Prime Version 17.1.0 Build 590 10/25/2017 SJ Lite Edition


---------------------
; Table of Contents ;
---------------------
  1. Legal Notice
  2. Assembler Summary
  3. Assembler Settings
  4. Assembler Encrypted IP Cores Summary
  5. Assembler Generated Files
  6. Assembler Device Options: C:/Users/alanh/Dropbox/School/Tech/!2017-18/Spring 2018/CS 3220 - Processor Design/Project_2/Project_2/output_files/Project_2.sof
  7. Assembler Messages



----------------
; Legal Notice ;
----------------
Copyright (C) 2017  Intel Corporation. All rights reserved.
Your use of Intel Corporation's design tools, logic functions 
and other software and tools, and its AMPP partner logic 
functions, and any output files from any of the foregoing 
(including device programming or simulation files), and any 
associated documentation or information are expressly subject 
to the terms and conditions of the Intel Program License 
Subscription Agreement, the Intel Quartus Prime License Agreement,
the Intel FPGA IP License Agreement, or other applicable license
agreement, including, without limitation, that your use is for
the sole purpose of programming logic devices manufactured by
Intel and sold by Intel or its authorized distributors.  Please
refer to the applicable agreement for further details.



+---------------------------------------------------------------+
; Assembler Summary                                             ;
+-----------------------+---------------------------------------+
; Assembler Status      ; Successful - Sun Mar 11 19:47:56 2018 ;
; Revision Name         ; Project_2                             ;
; Top-level Entity Name ; Project                               ;
; Family                ; Cyclone V                             ;
; Device                ; 5CEBA4F23C7                           ;
+-----------------------+---------------------------------------+


+----------------------------------+
; Assembler Settings               ;
+--------+---------+---------------+
; Option ; Setting ; Default Value ;
+--------+---------+---------------+


+------------------------------------------------+
; Assembler Encrypted IP Cores Summary           ;
+--------+------------------------+--------------+
; Vendor ; IP Core Name           ; License Type ;
+--------+------------------------+--------------+
; Altera ; Signal Tap (6AF7 BCE1) ; Licensed     ;
; Altera ; Signal Tap (6AF7 BCEC) ; Licensed     ;
+--------+------------------------+--------------+


+-----------------------------------------------------------------------------------------------------------------------------------+
; Assembler Generated Files                                                                                                         ;
+-----------------------------------------------------------------------------------------------------------------------------------+
; File Name                                                                                                                         ;
+-----------------------------------------------------------------------------------------------------------------------------------+
; C:/Users/alanh/Dropbox/School/Tech/!2017-18/Spring 2018/CS 3220 - Processor Design/Project_2/Project_2/output_files/Project_2.sof ;
+-----------------------------------------------------------------------------------------------------------------------------------+


+-------------------------------------------------------------------------------------------------------------------------------------------------------------+
; Assembler Device Options: C:/Users/alanh/Dropbox/School/Tech/!2017-18/Spring 2018/CS 3220 - Processor Design/Project_2/Project_2/output_files/Project_2.sof ;
+----------------+--------------------------------------------------------------------------------------------------------------------------------------------+
; Option         ; Setting                                                                                                                                    ;
+----------------+--------------------------------------------------------------------------------------------------------------------------------------------+
; JTAG usercode  ; 0x02E1AB24                                                                                                                                 ;
; Checksum       ; 0x02E1AB24                                                                                                                                 ;
+----------------+--------------------------------------------------------------------------------------------------------------------------------------------+


+--------------------+
; Assembler Messages ;
+--------------------+
Info: *******************************************************************
Info: Running Quartus Prime Assembler
    Info: Version 17.1.0 Build 590 10/25/2017 SJ Lite Edition
    Info: Processing started: Sun Mar 11 19:47:46 2018
Info: Command: quartus_asm --read_settings_files=off --write_settings_files=off Project_2 -c Project_2
Warning (18236): Number of processors has not been specified which may cause overloading on shared machines.  Set the global assignment NUM_PARALLEL_PROCESSORS in your QSF to an appropriate value for best performance.
Info (115030): Assembler is generating device programming files
Info: Quartus Prime Assembler was successful. 0 errors, 1 warning
    Info: Peak virtual memory: 795 megabytes
    Info: Processing ended: Sun Mar 11 19:47:57 2018
    Info: Elapsed time: 00:00:11
    Info: Total CPU time (on all processors): 00:00:10


