Flow report for Project
Wed Feb 21 22:11:01 2018
Quartus Prime Version 17.1.0 Build 590 10/25/2017 SJ Lite Edition


---------------------
; Table of Contents ;
---------------------
  1. Legal Notice
  2. Flow Summary
  3. Flow Settings
  4. Flow Non-Default Global Settings
  5. Flow Elapsed Time
  6. Flow OS Summary
  7. Flow Log
  8. Flow Messages
  9. Flow Suppressed Messages



----------------
; Legal Notice ;
----------------
Copyright (C) 2017  Intel Corporation. All rights reserved.
Your use of Intel Corporation's design tools, logic functions 
and other software and tools, and its AMPP partner logic 
functions, and any output files from any of the foregoing 
(including device programming or simulation files), and any 
associated documentation or information are expressly subject 
to the terms and conditions of the Intel Program License 
Subscription Agreement, the Intel Quartus Prime License Agreement,
the Intel FPGA IP License Agreement, or other applicable license
agreement, including, without limitation, that your use is for
the sole purpose of programming logic devices manufactured by
Intel and sold by Intel or its authorized distributors.  Please
refer to the applicable agreement for further details.



+-------------------------------------------------------------------------------+
; Flow Summary                                                                  ;
+---------------------------------+---------------------------------------------+
; Flow Status                     ; Analyzed - Wed Feb 21 22:11:01 2018         ;
; Quartus Prime Version           ; 17.1.0 Build 590 10/25/2017 SJ Lite Edition ;
; Revision Name                   ; Project                                     ;
; Top-level Entity Name           ; Project                                     ;
; Family                          ; Cyclone V                                   ;
; Device                          ; 5CEBA4F23C7                                 ;
; Timing Models                   ; Final                                       ;
; Logic utilization (in ALMs)     ; 1,413 / 18,480 ( 8 % )                      ;
; Total registers                 ; 2504                                        ;
; Total pins                      ; 68 / 224 ( 30 % )                           ;
; Total virtual pins              ; 0                                           ;
; Total block memory bits         ; 1,048,576 / 3,153,920 ( 33 % )              ;
; Total DSP Blocks                ; 0 / 66 ( 0 % )                              ;
; Total HSSI RX PCSs              ; 0                                           ;
; Total HSSI PMA RX Deserializers ; 0                                           ;
; Total HSSI TX PCSs              ; 0                                           ;
; Total HSSI PMA TX Serializers   ; 0                                           ;
; Total PLLs                      ; 1 / 4 ( 25 % )                              ;
; Total DLLs                      ; 0 / 4 ( 0 % )                               ;
+---------------------------------+---------------------------------------------+


+-----------------------------------------+
; Flow Settings                           ;
+-------------------+---------------------+
; Option            ; Setting             ;
+-------------------+---------------------+
; Start date & time ; 02/21/2018 22:05:31 ;
; Main task         ; Compilation         ;
; Revision Name     ; Project             ;
+-------------------+---------------------+


+------------------------------------------------------------------------------------------------------------------------------------------+
; Flow Non-Default Global Settings                                                                                                         ;
+------------------------------------------------------+----------------------------------------+---------------+-------------+------------+
; Assignment Name                                      ; Value                                  ; Default Value ; Entity Name ; Section Id ;
+------------------------------------------------------+----------------------------------------+---------------+-------------+------------+
; ALM_REGISTER_PACKING_EFFORT                          ; Low                                    ; Medium        ; --          ; --         ;
; AUTO_DELAY_CHAINS_FOR_HIGH_FANOUT_INPUT_PINS         ; On                                     ; Off           ; --          ; --         ;
; COMPILER_SIGNATURE_ID                                ; 277351190934345.151926873111908        ; --            ; --          ; --         ;
; ENABLE_DRC_SETTINGS                                  ; On                                     ; Off           ; --          ; --         ;
; ENABLE_SIGNALTAP                                     ; Off                                    ; --            ; --          ; --         ;
; FITTER_EFFORT                                        ; Standard Fit                           ; Auto Fit      ; --          ; --         ;
; MAX_CORE_JUNCTION_TEMP                               ; 85                                     ; --            ; --          ; --         ;
; MIN_CORE_JUNCTION_TEMP                               ; 0                                      ; --            ; --          ; --         ;
; MISC_FILE                                            ; Pll.cmp                                ; --            ; --          ; --         ;
; MISC_FILE                                            ; Pll_sim/Pll.vo                         ; --            ; --          ; --         ;
; MUX_RESTRUCTURE                                      ; Off                                    ; Auto          ; --          ; --         ;
; OPTIMIZATION_MODE                                    ; Aggressive Performance                 ; Balanced      ; --          ; --         ;
; OPTIMIZATION_TECHNIQUE                               ; Speed                                  ; Balanced      ; --          ; --         ;
; PARTITION_COLOR                                      ; -- (Not supported for targeted family) ; --            ; --          ; Top        ;
; PARTITION_FITTER_PRESERVATION_LEVEL                  ; -- (Not supported for targeted family) ; --            ; --          ; Top        ;
; PARTITION_NETLIST_TYPE                               ; -- (Not supported for targeted family) ; --            ; --          ; Top        ;
; PERIPHERY_TO_CORE_PLACEMENT_AND_ROUTING_OPTIMIZATION ; Auto                                   ; Off           ; --          ; --         ;
; PHYSICAL_SYNTHESIS_COMBO_LOGIC                       ; On                                     ; Off           ; --          ; --         ;
; PHYSICAL_SYNTHESIS_COMBO_LOGIC_FOR_AREA              ; On                                     ; Off           ; --          ; --         ;
; PHYSICAL_SYNTHESIS_EFFORT                            ; Extra                                  ; Normal        ; --          ; --         ;
; PHYSICAL_SYNTHESIS_REGISTER_DUPLICATION              ; On                                     ; Off           ; --          ; --         ;
; PHYSICAL_SYNTHESIS_REGISTER_RETIMING                 ; On                                     ; Off           ; --          ; --         ;
; PLACEMENT_EFFORT_MULTIPLIER                          ; 4.0                                    ; 1.0           ; --          ; --         ;
; POWER_BOARD_THERMAL_MODEL                            ; None (CONSERVATIVE)                    ; --            ; --          ; --         ;
; POWER_PRESET_COOLING_SOLUTION                        ; No Heat Sink With Still Air            ; --            ; --          ; --         ;
; PRE_MAPPING_RESYNTHESIS                              ; On                                     ; Off           ; --          ; --         ;
; REMOVE_REDUNDANT_LOGIC_CELLS                         ; On                                     ; Off           ; --          ; --         ;
; ROUTER_CLOCKING_TOPOLOGY_ANALYSIS                    ; On                                     ; Off           ; --          ; --         ;
; ROUTER_TIMING_OPTIMIZATION_LEVEL                     ; MAXIMUM                                ; Normal        ; --          ; --         ;
; SMART_RECOMPILE                                      ; On                                     ; Off           ; --          ; --         ;
; SPD_FILE                                             ; Pll.spd                                ; --            ; --          ; --         ;
; SYNTHESIS_ONLY_QIP                                   ; On                                     ; --            ; --          ; --         ;
; USE_SIGNALTAP_FILE                                   ; DebugTap.stp                           ; --            ; --          ; --         ;
+------------------------------------------------------+----------------------------------------+---------------+-------------+------------+


+-------------------------------------------------------------------------------------------------------------------------------+
; Flow Elapsed Time                                                                                                             ;
+---------------------------+--------------+-------------------------+---------------------+------------------------------------+
; Module Name               ; Elapsed Time ; Average Processors Used ; Peak Virtual Memory ; Total CPU Time (on all processors) ;
+---------------------------+--------------+-------------------------+---------------------+------------------------------------+
; Analysis & Synthesis      ; 00:00:31     ; 1.0                     ; 889 MB              ; 00:00:49                           ;
; Fitter                    ; 00:03:47     ; 1.2                     ; 2017 MB             ; 00:06:17                           ;
; Assembler                 ; 00:00:12     ; 1.0                     ; 780 MB              ; 00:00:09                           ;
; TimeQuest Timing Analyzer ; 00:00:38     ; 1.5                     ; 1143 MB             ; 00:00:48                           ;
; Design Assistant          ; 00:00:05     ; 1.0                     ; 747 MB              ; 00:00:04                           ;
; Total                     ; 00:05:13     ; --                      ; --                  ; 00:08:07                           ;
+---------------------------+--------------+-------------------------+---------------------+------------------------------------+


+-----------------------------------------------------------------------------------------+
; Flow OS Summary                                                                         ;
+---------------------------+------------------+------------+------------+----------------+
; Module Name               ; Machine Hostname ; OS Name    ; OS Version ; Processor type ;
+---------------------------+------------------+------------+------------+----------------+
; Analysis & Synthesis      ; Alan-PC          ; Windows 10 ; 10.0       ; x86_64         ;
; Fitter                    ; Alan-PC          ; Windows 10 ; 10.0       ; x86_64         ;
; Assembler                 ; Alan-PC          ; Windows 10 ; 10.0       ; x86_64         ;
; TimeQuest Timing Analyzer ; Alan-PC          ; Windows 10 ; 10.0       ; x86_64         ;
; Design Assistant          ; Alan-PC          ; Windows 10 ; 10.0       ; x86_64         ;
+---------------------------+------------------+------------+------------+----------------+


------------
; Flow Log ;
------------
quartus_map --read_settings_files=on --write_settings_files=off Project -c Project
quartus_fit --read_settings_files=off --write_settings_files=off Project -c Project
quartus_asm --read_settings_files=off --write_settings_files=off Project -c Project
quartus_sta Project -c Project
quartus_drc Project -c Project



